<?xml version="1.0" encoding="UTF-8"?>
<testsuite name="assignments.Day1Test" tests="1" skipped="0" failures="0" errors="0" timestamp="2022-12-02T08:31:40" hostname="Boreks-MacBook-Pro.local" time="0.022">
  <properties/>
  <testcase name="part2_test()" classname="assignments.Day1Test" time="0.022"/>
  <system-out><![CDATA[n 0 calories 0 maxCalories []
n 1 calories 1000 maxCalories []
n 2 calories 3000 maxCalories []
n 3 calories 6000 maxCalories []
n 4 calories 0 maxCalories [6000]
n 5 calories 4000 maxCalories [6000]
n 6 calories 0 maxCalories [6000, 4000]
n 7 calories 5000 maxCalories [6000, 4000]
n 8 calories 11000 maxCalories [6000, 4000]
n 9 calories 0 maxCalories [6000, 4000, 11000]
n 10 calories 7000 maxCalories [6000, 4000, 11000]
n 11 calories 15000 maxCalories [6000, 4000, 11000]
n 12 calories 24000 maxCalories [6000, 4000, 11000]
n 13 calories 0 maxCalories [6000, 4000, 11000, 24000]
n 14 calories 10000 maxCalories [6000, 4000, 11000, 24000]
n 0 calories 0 maxCalories []
n 1 calories 1000 maxCalories []
n 2 calories 3000 maxCalories []
n 3 calories 6000 maxCalories []
n 4 calories 0 maxCalories [6000]
n 5 calories 4000 maxCalories [6000]
n 6 calories 0 maxCalories [6000, 4000]
n 7 calories 5000 maxCalories [6000, 4000]
n 8 calories 11000 maxCalories [6000, 4000]
n 9 calories 0 maxCalories [6000, 4000, 11000]
n 10 calories 7000 maxCalories [6000, 4000, 11000]
n 11 calories 15000 maxCalories [6000, 4000, 11000]
n 12 calories 24000 maxCalories [6000, 4000, 11000]
n 13 calories 0 maxCalories [6000, 4000, 11000, 24000]
n 14 calories 10000 maxCalories [6000, 4000, 11000, 24000]
]]></system-out>
  <system-err><![CDATA[]]></system-err>
</testsuite>
